<?xml version="1.0" encoding="UTF-8"?>
<testng-results ignored="0" total="4" passed="4" failed="0" skipped="0">
  <reporter-output>
  </reporter-output>
  <suite started-at="2024-10-24T13:04:39 IST" name="Test Suite for Buildout" finished-at="2024-10-24T13:04:39 IST" duration-ms="280">
    <groups>
    </groups>
    <test started-at="2024-10-24T13:04:39 IST" name="Test Cases for Buildout" finished-at="2024-10-24T13:04:39 IST" duration-ms="280">
      <class name="demo.TestCases">
        <test-method signature="testCase01()[pri:0, instance:demo.TestCases@7164ca4c]" started-at="2024-10-24T13:04:39 IST" name="testCase01" finished-at="2024-10-24T13:04:39 IST" duration-ms="23" status="PASS">
          <reporter-output>
          </reporter-output>
        </test-method> <!-- testCase01 -->
        <test-method signature="testCase02()[pri:0, instance:demo.TestCases@7164ca4c]" started-at="2024-10-24T13:04:39 IST" name="testCase02" finished-at="2024-10-24T13:04:39 IST" duration-ms="1" status="PASS">
          <reporter-output>
          </reporter-output>
        </test-method> <!-- testCase02 -->
        <test-method signature="testCase03()[pri:0, instance:demo.TestCases@7164ca4c]" started-at="2024-10-24T13:04:39 IST" name="testCase03" finished-at="2024-10-24T13:04:39 IST" duration-ms="9" status="PASS">
          <reporter-output>
          </reporter-output>
        </test-method> <!-- testCase03 -->
        <test-method signature="testCase04()[pri:0, instance:demo.TestCases@7164ca4c]" started-at="2024-10-24T13:04:39 IST" name="testCase04" finished-at="2024-10-24T13:04:39 IST" duration-ms="1" status="PASS">
          <reporter-output>
          </reporter-output>
        </test-method> <!-- testCase04 -->
        <test-method is-config="true" signature="endTest()[pri:0, instance:demo.TestCases@7164ca4c]" started-at="2024-10-24T13:04:39 IST" name="endTest" finished-at="2024-10-24T13:04:39 IST" duration-ms="54" status="PASS">
          <reporter-output>
          </reporter-output>
        </test-method> <!-- endTest -->
      </class> <!-- demo.TestCases -->
    </test> <!-- Test Cases for Buildout -->
  </suite> <!-- Test Suite for Buildout -->
</testng-results>
